[debug] [2023-09-12T07:30:46.385Z] ----------------------------------------------------------------------
[debug] [2023-09-12T07:30:46.388Z] Command:       C:\Program Files\nodejs\node.exe C:\Users\USER\AppData\Roaming\npm\node_modules\firebase-tools\lib\bin\firebase.js init
[debug] [2023-09-12T07:30:46.389Z] CLI Version:   12.5.3
[debug] [2023-09-12T07:30:46.389Z] Platform:      win32
[debug] [2023-09-12T07:30:46.390Z] Node Version:  v18.16.1
[debug] [2023-09-12T07:30:46.391Z] Time:          Tue Sep 12 2023 16:30:46 GMT+0900 (대한민국 표준시)
[debug] [2023-09-12T07:30:46.391Z] ----------------------------------------------------------------------
[debug] 
[debug] [2023-09-12T07:30:46.405Z] > command requires scopes: ["email","openid","https://www.googleapis.com/auth/cloudplatformprojects.readonly","https://www.googleapis.com/auth/firebase","https://www.googleapis.com/auth/cloud-platform"]
[debug] [2023-09-12T07:30:46.406Z] > authorizing via signed-in user (merci134679@gmail.com)
[info] 
     ######## #### ########  ######## ########     ###     ######  ########
     ##        ##  ##     ## ##       ##     ##  ##   ##  ##       ##
     ######    ##  ########  ######   ########  #########  ######  ######
     ##        ##  ##    ##  ##       ##     ## ##     ##       ## ##
     ##       #### ##     ## ######## ########  ##     ##  ######  ########

You're about to initialize a Firebase project in this directory:

  C:\Users\USER\Desktop\SW-ProfeessionalDeveloperCourse\230828_express

[info] 
=== Project Setup
[info] 
[info] First, let's associate this project directory with a Firebase project.
[info] You can create multiple project aliases by running firebase use --add, 
[info] but for now we'll just set up a default project.
[info] 
[debug] [2023-09-12T07:31:23.222Z] >>> [apiv2][query] GET https://firebase.googleapis.com/v1beta1/projects pageSize=100
[debug] [2023-09-12T07:31:24.029Z] <<< [apiv2][status] GET https://firebase.googleapis.com/v1beta1/projects 200
[debug] [2023-09-12T07:31:24.029Z] <<< [apiv2][body] GET https://firebase.googleapis.com/v1beta1/projects [omitted]
[info] i  Using project summer-artwork-398806 (test) 
[info] 
=== Hosting Setup
[info] 
[info] Your public directory is the folder (relative to your project directory) that
[info] will contain Hosting assets to be uploaded with firebase deploy. If you
[info] have a build process for your assets, use your build's output directory.
[info] 
[debug] [2023-09-12T07:31:42.368Z] >>> [apiv2][query] GET https://www.gstatic.com/firebasejs/releases.json [none]
[debug] [2023-09-12T07:31:42.519Z] <<< [apiv2][status] GET https://www.gstatic.com/firebasejs/releases.json 200
[debug] [2023-09-12T07:31:42.520Z] <<< [apiv2][body] GET https://www.gstatic.com/firebasejs/releases.json {"current":{"version":"10.3.1","browserURL":"https://www.gstatic.com/firebasejs/10.3.1/firebase.js","packageURL":"https://www.gstatic.com/firebasejs/10.3.1/firebase.tgz"},"live":{"version":"10.3","browserURL":"https://www.gstatic.com/firebasejs/live/10.3/firebase.js","packageURL":"https://www.gstatic.com/firebasejs/live/10.3/firebase.tgz"},"components":{"analytics":"https://www.gstatic.com/firebasejs/10.3.1/firebase-analytics.js","app":"https://www.gstatic.com/firebasejs/10.3.1/firebase-app.js","app-check":"https://www.gstatic.com/firebasejs/10.3.1/firebase-app-check.js","auth":"https://www.gstatic.com/firebasejs/10.3.1/firebase-auth.js","auth/cordova":"https://www.gstatic.com/firebasejs/10.3.1/firebase-auth/cordova.js","functions":"https://www.gstatic.com/firebasejs/10.3.1/firebase-functions.js","firestore":"https://www.gstatic.com/firebasejs/10.3.1/firebase-firestore.js","firestore/lite":"https://www.gstatic.com/firebasejs/10.3.1/firebase-firestore/lite.js","installations":"https://www.gstatic.com/firebasejs/10.3.1/firebase-installations.js","storage":"https://www.gstatic.com/firebasejs/10.3.1/firebase-storage.js","performance":"https://www.gstatic.com/firebasejs/10.3.1/firebase-performance.js","remote-config":"https://www.gstatic.com/firebasejs/10.3.1/firebase-remote-config.js","messaging":"https://www.gstatic.com/firebasejs/10.3.1/firebase-messaging.js","messaging/sw":"https://www.gstatic.com/firebasejs/10.3.1/firebase-messaging/sw.js","database":"https://www.gstatic.com/firebasejs/10.3.1/firebase-database.js","firestore.memory":"https://www.gstatic.com/firebasejs/10.3.1/firebase-firestore.memory.js"}}
[info] +  Wrote public/index.html 
[info] 
[info] i  Detected a .git folder at C:\Users\USER\Desktop\SW-ProfeessionalDeveloperCourse 
[info] i  Authorizing with GitHub to upload your service account to a GitHub repository's secrets store. 
[info] 
[info] Visit this URL on this device to log in:
[info] https://github.com/login/oauth/authorize?client_id=89cf50f02ac6aaed3484&state=85065758&redirect_uri=http%3A%2F%2Flocalhost%3A9005&scope=read%3Auser%20repo%20public_repo
[info] 
[info] Waiting for authentication...
[debug] [2023-09-12T07:31:48.537Z] >>> [apiv2][query] POST https://github.com/login/oauth/access_token [none]
[debug] [2023-09-12T07:31:48.538Z] >>> [apiv2][body] POST https://github.com/login/oauth/access_token [stream]
[debug] [2023-09-12T07:31:48.850Z] <<< [apiv2][status] POST https://github.com/login/oauth/access_token 200
[debug] [2023-09-12T07:31:48.851Z] <<< [apiv2][body] POST https://github.com/login/oauth/access_token {"access_token":"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","token_type":"bearer","scope":"read:user,repo"}
[debug] [2023-09-12T07:31:48.867Z] >>> [apiv2][query] GET https://api.github.com/user [none]
[debug] [2023-09-12T07:31:49.194Z] <<< [apiv2][status] GET https://api.github.com/user 200
[debug] [2023-09-12T07:31:49.194Z] <<< [apiv2][body] GET https://api.github.com/user {"login":"ingkejin","id":121204962,"node_id":"U_kgDOBzlw4g","avatar_url":"https://avatars.githubusercontent.com/u/121204962?v=4","gravatar_id":"","url":"https://api.github.com/users/ingkejin","html_url":"https://github.com/ingkejin","followers_url":"https://api.github.com/users/ingkejin/followers","following_url":"https://api.github.com/users/ingkejin/following{/other_user}","gists_url":"https://api.github.com/users/ingkejin/gists{/gist_id}","starred_url":"https://api.github.com/users/ingkejin/starred{/owner}{/repo}","subscriptions_url":"https://api.github.com/users/ingkejin/subscriptions","organizations_url":"https://api.github.com/users/ingkejin/orgs","repos_url":"https://api.github.com/users/ingkejin/repos","events_url":"https://api.github.com/users/ingkejin/events{/privacy}","received_events_url":"https://api.github.com/users/ingkejin/received_events","type":"User","site_admin":false,"name":"Yejin Lee","company":null,"blog":"","location":"South Korea,","email":null,"hireable":null,"bio":"Step by Step, Ferociously","twitter_username":null,"public_repos":8,"public_gists":0,"followers":29,"following":12,"created_at":"2022-12-22T00:21:40Z","updated_at":"2023-09-11T09:31:29Z","private_gists":0,"total_private_repos":2,"owned_private_repos":2,"disk_usage":415016,"collaborators":0,"two_factor_authentication":false,"plan":{"name":"free","space":976562499,"collaborators":0,"private_repos":10000}}
[info] 
[info] +  Success! Logged into GitHub as ingkejin 
[info] 
[debug] [2023-09-12T07:31:56.345Z] >>> [apiv2][query] GET https://api.github.com/repos//actions/secrets/public-key type=owner
[debug] [2023-09-12T07:31:56.611Z] <<< [apiv2][status] GET https://api.github.com/repos//actions/secrets/public-key 404
[debug] [2023-09-12T07:31:56.611Z] <<< [apiv2][body] GET https://api.github.com/repos//actions/secrets/public-key {"message":"Not Found","documentation_url":"https://docs.github.com/rest"}
[info] 
[info] 
[error] !  The provided authorization cannot be used with this repository. If this repository is in an organization, did you remember to grant access? 
[info] 
[info] i  Action required: Visit this URL to ensure access has been granted to the appropriate organization(s) for the Firebase CLI GitHub OAuth App: 
[info] https://github.com/settings/connections/applications/89cf50f02ac6aaed3484
[info] 
[debug] [2023-09-12T07:32:47.105Z] >>> [apiv2][query] GET https://api.github.com/repos//actions/secrets/public-key type=owner
[debug] [2023-09-12T07:32:47.350Z] <<< [apiv2][status] GET https://api.github.com/repos//actions/secrets/public-key 404
[debug] [2023-09-12T07:32:47.351Z] <<< [apiv2][body] GET https://api.github.com/repos//actions/secrets/public-key {"message":"Not Found","documentation_url":"https://docs.github.com/rest"}
[info] 
[info] 
[error] !  The provided authorization cannot be used with this repository. If this repository is in an organization, did you remember to grant access? 
[info] 
[info] i  Action required: Visit this URL to ensure access has been granted to the appropriate organization(s) for the Firebase CLI GitHub OAuth App: 
[info] https://github.com/settings/connections/applications/89cf50f02ac6aaed3484
[info] 
